The system is: Linux - 4.4.0-19041-Microsoft - x86_64
Compiling the C compiler identification source file "CMakeCCompilerId.c" succeeded.
Compiler: /usr/bin/cc 
Build flags: 
Id flags:  

The output was:
0


Compilation of the C compiler identification source "CMakeCCompilerId.c" produced "a.out"

The C compiler identification is GNU, found in "/mnt/d/git/xserver/linux/CMakeFiles/3.22.1/CompilerIdC/a.out"

Determining if the C compiler works passed with the following output:
Change Dir: /mnt/d/git/xserver/linux/CMakeFiles/CMakeTmp

Run Build Command(s):/usr/bin/gmake -f Makefile cmTC_689b6/fast && /usr/bin/gmake  -f CMakeFiles/cmTC_689b6.dir/build.make CMakeFiles/cmTC_689b6.dir/build
gmake[1]: Entering directory '/mnt/d/git/xserver/linux/CMakeFiles/CMakeTmp'
Building C object CMakeFiles/cmTC_689b6.dir/testCCompiler.c.o
/usr/bin/cc    -o CMakeFiles/cmTC_689b6.dir/testCCompiler.c.o -c /mnt/d/git/xserver/linux/CMakeFiles/CMakeTmp/testCCompiler.c
Linking C executable cmTC_689b6
/usr/bin/cmake -E cmake_link_script CMakeFiles/cmTC_689b6.dir/link.txt --verbose=1
/usr/bin/cc -rdynamic CMakeFiles/cmTC_689b6.dir/testCCompiler.c.o -o cmTC_689b6 
gmake[1]: Leaving directory '/mnt/d/git/xserver/linux/CMakeFiles/CMakeTmp'



Compiling the CXX compiler identification source file "CMakeCXXCompilerId.cpp" succeeded.
Compiler: /usr/bin/c++ 
Build flags: 
Id flags:  

The output was:
0


Compilation of the CXX compiler identification source "CMakeCXXCompilerId.cpp" produced "a.out"

The CXX compiler identification is GNU, found in "/mnt/d/git/xserver/linux/CMakeFiles/3.22.1/CompilerIdCXX/a.out"

Determining if the CXX compiler works passed with the following output:
Change Dir: /mnt/d/git/xserver/linux/CMakeFiles/CMakeTmp

Run Build Command(s):/usr/bin/gmake -f Makefile cmTC_b929b/fast && /usr/bin/gmake  -f CMakeFiles/cmTC_b929b.dir/build.make CMakeFiles/cmTC_b929b.dir/build
gmake[1]: Entering directory '/mnt/d/git/xserver/linux/CMakeFiles/CMakeTmp'
Building CXX object CMakeFiles/cmTC_b929b.dir/testCXXCompiler.cxx.o
/usr/bin/c++    -o CMakeFiles/cmTC_b929b.dir/testCXXCompiler.cxx.o -c /mnt/d/git/xserver/linux/CMakeFiles/CMakeTmp/testCXXCompiler.cxx
Linking CXX executable cmTC_b929b
/usr/bin/cmake -E cmake_link_script CMakeFiles/cmTC_b929b.dir/link.txt --verbose=1
/usr/bin/c++ -rdynamic CMakeFiles/cmTC_b929b.dir/testCXXCompiler.cxx.o -o cmTC_b929b 
gmake[1]: Leaving directory '/mnt/d/git/xserver/linux/CMakeFiles/CMakeTmp'



